<?xml version="1.0" encoding="UTF-8"?>
<testng-results skipped="0" failed="0" total="1" passed="1">
  <reporter-output>
  </reporter-output>
  <suite name="android by packages" duration-ms="47940" started-at="2015-12-10T08:33:23Z" finished-at="2015-12-10T08:34:11Z">
    <groups>
    </groups>
    <test name="bahaso" duration-ms="47940" started-at="2015-12-10T08:33:23Z" finished-at="2015-12-10T08:34:11Z">
      <class name="bahaso.AppTest">
        <test-method status="PASS" signature="RunAppiumServer()[pri:0, instance:bahaso.AppTest@1e643faf]" name="RunAppiumServer" is-config="true" duration-ms="7020" started-at="2015-12-10T15:33:23Z" finished-at="2015-12-10T15:33:30Z">
          <reporter-output>
          </reporter-output>
        </test-method> <!-- RunAppiumServer -->
        <test-method status="PASS" signature="test()[pri:0, instance:bahaso.AppTest@1e643faf]" name="test" duration-ms="40896" started-at="2015-12-10T15:33:31Z" finished-at="2015-12-10T15:34:11Z">
          <reporter-output>
          </reporter-output>
        </test-method> <!-- test -->
      </class> <!-- bahaso.AppTest -->
    </test> <!-- bahaso -->
  </suite> <!-- android by packages -->
</testng-results>
