<?xml version="1.0" encoding="UTF-8"?>
<!-- Generated by org.testng.reporters.JUnitXMLReporter -->
<testsuite hostname="BahasoComputer" name="Test" tests="61" failures="0" timestamp="8 Dec 2016 10:03:01 GMT" time="1495.99" errors="0">
  <testcase name="LoginCorrect" time="21.395" classname="bahaso.testing.web.Login"/>
  <testcase name="LoginFail1" time="2.265" classname="bahaso.testing.web.Login"/>
  <testcase name="LoginFail2" time="2.002" classname="bahaso.testing.web.Login"/>
  <testcase name="LoginFail3" time="2.107" classname="bahaso.testing.web.Login"/>
  <testcase name="RegisterCorrect" time="7.591" classname="bahaso.testing.web.RegisterViaLandingPage"/>
  <testcase name="RegisterFailAllBlank" time="0.382" classname="bahaso.testing.web.RegisterViaLandingPage"/>
  <testcase name="RegisterFailEmail1" time="0.316" classname="bahaso.testing.web.RegisterViaLandingPage"/>
  <testcase name="RegisterFailEmail2" time="2.358" classname="bahaso.testing.web.RegisterViaLandingPage"/>
  <testcase name="RegisterFailEmail3" time="3.355" classname="bahaso.testing.web.RegisterViaLandingPage"/>
  <testcase name="RegisterFailEmail4" time="3.373" classname="bahaso.testing.web.RegisterViaLandingPage"/>
  <testcase name="RegisterFailEmail5" time="3.347" classname="bahaso.testing.web.RegisterViaLandingPage"/>
  <testcase name="RegisterFailEmail6" time="3.379" classname="bahaso.testing.web.RegisterViaLandingPage"/>
  <testcase name="RegisterFailFirstname1" time="0.315" classname="bahaso.testing.web.RegisterViaLandingPage"/>
  <testcase name="RegisterFailFirstname2" time="0.336" classname="bahaso.testing.web.RegisterViaLandingPage"/>
  <testcase name="RegisterFailLastname1" time="0.33" classname="bahaso.testing.web.RegisterViaLandingPage"/>
  <testcase name="RegisterFailLastname2" time="0.331" classname="bahaso.testing.web.RegisterViaLandingPage"/>
  <testcase name="RegisterFailPassword1" time="0.31" classname="bahaso.testing.web.RegisterViaLandingPage"/>
  <testcase name="RegisterFailPassword2" time="0.341" classname="bahaso.testing.web.RegisterViaLandingPage"/>
  <testcase name="RegisterFailPassword3" time="0.312" classname="bahaso.testing.web.RegisterViaLandingPage"/>
  <testcase name="RegisterCorrect1" time="0.239" classname="bahaso.testing.web.RegisterViaOfferingPage"/>
  <testcase name="RegisterCorrect2" time="0.283" classname="bahaso.testing.web.RegisterViaOfferingPage"/>
  <testcase name="RegisterCorrect3" time="0.271" classname="bahaso.testing.web.RegisterViaOfferingPage"/>
  <testcase name="RegisterFailEmail1" time="0.265" classname="bahaso.testing.web.RegisterViaOfferingPage"/>
  <testcase name="RegisterFailEmail2" time="0.264" classname="bahaso.testing.web.RegisterViaOfferingPage"/>
  <testcase name="RegisterFailEmail3" time="0.288" classname="bahaso.testing.web.RegisterViaOfferingPage"/>
  <testcase name="RegisterFailName1" time="0.274" classname="bahaso.testing.web.RegisterViaOfferingPage"/>
  <testcase name="RegisterFailName2" time="0.282" classname="bahaso.testing.web.RegisterViaOfferingPage"/>
  <testcase name="RegisterFailName3" time="0.263" classname="bahaso.testing.web.RegisterViaOfferingPage"/>
  <testcase name="RegisterCorrect" time="9.984" classname="bahaso.testing.web.RegisterViaRegisterPage"/>
  <testcase name="RegisterFailAllBlank" time="0.369" classname="bahaso.testing.web.RegisterViaRegisterPage"/>
  <testcase name="RegisterFailEmail1" time="0.32" classname="bahaso.testing.web.RegisterViaRegisterPage"/>
  <testcase name="RegisterFailEmail2" time="2.349" classname="bahaso.testing.web.RegisterViaRegisterPage"/>
  <testcase name="RegisterFailEmail3" time="2.356" classname="bahaso.testing.web.RegisterViaRegisterPage"/>
  <testcase name="RegisterFailEmail4" time="2.381" classname="bahaso.testing.web.RegisterViaRegisterPage"/>
  <testcase name="RegisterFailEmail5" time="2.381" classname="bahaso.testing.web.RegisterViaRegisterPage"/>
  <testcase name="RegisterFailEmail6" time="2.388" classname="bahaso.testing.web.RegisterViaRegisterPage"/>
  <testcase name="RegisterFailFirstname1" time="0.326" classname="bahaso.testing.web.RegisterViaRegisterPage"/>
  <testcase name="RegisterFailFirstname2" time="0.323" classname="bahaso.testing.web.RegisterViaRegisterPage"/>
  <testcase name="RegisterFailLastname1" time="0.331" classname="bahaso.testing.web.RegisterViaRegisterPage"/>
  <testcase name="RegisterFailLastname2" time="0.329" classname="bahaso.testing.web.RegisterViaRegisterPage"/>
  <testcase name="RegisterFailPassword1" time="0.313" classname="bahaso.testing.web.RegisterViaRegisterPage"/>
  <testcase name="RegisterFailPassword2" time="0.293" classname="bahaso.testing.web.RegisterViaRegisterPage"/>
  <testcase name="RegisterFailPassword3" time="0.297" classname="bahaso.testing.web.RegisterViaRegisterPage"/>
  <testcase name="answerRight" time="4.196" classname="bahaso.testing.web.TrueFalseListen_TestCase"/>
  <testcase name="answerWrong" time="4.196" classname="bahaso.testing.web.TrueFalseListen_TestCase"/>
  <testcase name="cekAllElement" time="2.189" classname="bahaso.testing.web.TrueFalseListen_TestCase"/>
  <testcase name="answerRight" time="4.193" classname="bahaso.testing.web.TrueFalsePicture_TestCase"/>
  <testcase name="answerWrong" time="4.157" classname="bahaso.testing.web.TrueFalsePicture_TestCase"/>
  <testcase name="cekAllElement" time="2.2" classname="bahaso.testing.web.TrueFalsePicture_TestCase"/>
  <testcase name="answerRight" time="4.229" classname="bahaso.testing.web.TrueFalseSentence_TestCase"/>
  <testcase name="answerWrong" time="4.226" classname="bahaso.testing.web.TrueFalseSentence_TestCase"/>
  <testcase name="cekAllElement" time="2.128" classname="bahaso.testing.web.TrueFalseSentence_TestCase"/>
  <testcase name="answerRight" time="15.479" classname="bahaso.testing.web.LostWordListen_TestCase"/>
  <testcase name="answerWrong" time="15.362" classname="bahaso.testing.web.LostWordListen_TestCase"/>
  <testcase name="cekAllElements" time="3.056" classname="bahaso.testing.web.LostWordListen_TestCase"/>
  <testcase name="answerRight" time="30.78" classname="bahaso.testing.web.LostWordType_TestCase"/>
  <testcase name="answerWrong" time="30.662" classname="bahaso.testing.web.LostWordType_TestCase"/>
  <testcase name="answerRight" time="18.943" classname="bahaso.testing.web.LittleBoxMultipleChoice_TestCase"/>
  <testcase name="answerWrong" time="18.845" classname="bahaso.testing.web.LittleBoxMultipleChoice_TestCase"/>
  <testcase name="answerRight" time="8.274" classname="bahaso.testing.web.LittleBoxMultipleChoicePicture_TestCase"/>
  <testcase name="answerWrong" time="8.324" classname="bahaso.testing.web.LittleBoxMultipleChoicePicture_TestCase"/>
</testsuite> <!-- Test -->
