<?xml version="1.0" encoding="UTF-8"?>
<!-- Generated by org.testng.reporters.JUnitXMLReporter -->
<testsuite hostname="BahasoComputer" name="Test" tests="28" failures="0" timestamp="16 Nov 2016 09:18:23 GMT" time="324.932" errors="0">
  <testcase name="LoginCorrect" time="23.993" classname="bahaso.testing.web.Login"/>
  <testcase name="LoginFail1" time="2.599" classname="bahaso.testing.web.Login"/>
  <testcase name="LoginFail2" time="2.505" classname="bahaso.testing.web.Login"/>
  <testcase name="LoginFail3" time="2.877" classname="bahaso.testing.web.Login"/>
  <testcase name="RegisterCorrect" time="8.32" classname="bahaso.testing.web.RegisterViaLandingPage"/>
  <testcase name="RegisterFailAllBlank" time="3.335" classname="bahaso.testing.web.RegisterViaLandingPage"/>
  <testcase name="RegisterFailEmail1" time="3.262" classname="bahaso.testing.web.RegisterViaLandingPage"/>
  <testcase name="RegisterFailEmail2" time="3.34" classname="bahaso.testing.web.RegisterViaLandingPage"/>
  <testcase name="RegisterFailEmail3" time="3.29" classname="bahaso.testing.web.RegisterViaLandingPage"/>
  <testcase name="RegisterFailEmail4" time="3.289" classname="bahaso.testing.web.RegisterViaLandingPage"/>
  <testcase name="RegisterFailEmail5" time="3.292" classname="bahaso.testing.web.RegisterViaLandingPage"/>
  <testcase name="RegisterFailEmail6" time="3.315" classname="bahaso.testing.web.RegisterViaLandingPage"/>
  <testcase name="RegisterFailFirstname1" time="3.291" classname="bahaso.testing.web.RegisterViaLandingPage"/>
  <testcase name="RegisterFailFirstname2" time="3.299" classname="bahaso.testing.web.RegisterViaLandingPage"/>
  <testcase name="RegisterFailLastname1" time="3.28" classname="bahaso.testing.web.RegisterViaLandingPage"/>
  <testcase name="RegisterFailLastname2" time="3.312" classname="bahaso.testing.web.RegisterViaLandingPage"/>
  <testcase name="RegisterFailPassword1" time="3.297" classname="bahaso.testing.web.RegisterViaLandingPage"/>
  <testcase name="RegisterFailPassword2" time="3.299" classname="bahaso.testing.web.RegisterViaLandingPage"/>
  <testcase name="RegisterFailPassword3" time="3.303" classname="bahaso.testing.web.RegisterViaLandingPage"/>
  <testcase name="RegisterCorrect1" time="0.265" classname="bahaso.testing.web.RegisterViaOfferingPage"/>
  <testcase name="RegisterCorrect2" time="0.222" classname="bahaso.testing.web.RegisterViaOfferingPage"/>
  <testcase name="RegisterCorrect3" time="0.256" classname="bahaso.testing.web.RegisterViaOfferingPage"/>
  <testcase name="RegisterFailEmail1" time="0.243" classname="bahaso.testing.web.RegisterViaOfferingPage"/>
  <testcase name="RegisterFailEmail2" time="0.263" classname="bahaso.testing.web.RegisterViaOfferingPage"/>
  <testcase name="RegisterFailEmail3" time="0.194" classname="bahaso.testing.web.RegisterViaOfferingPage"/>
  <testcase name="RegisterFailName1" time="0.255" classname="bahaso.testing.web.RegisterViaOfferingPage"/>
  <testcase name="RegisterFailName2" time="0.239" classname="bahaso.testing.web.RegisterViaOfferingPage"/>
  <testcase name="RegisterFailName3" time="0.247" classname="bahaso.testing.web.RegisterViaOfferingPage"/>
</testsuite> <!-- Test -->
