<?xml version="1.0" encoding="UTF-8"?>
<testng-results skipped="0" failed="0" total="2" passed="2">
  <reporter-output>
  </reporter-output>
  <suite name="Default suite" duration-ms="74625" started-at="2017-01-06T09:47:22Z" finished-at="2017-01-06T09:48:37Z">
    <groups>
    </groups>
    <test name="Default test" duration-ms="74625" started-at="2017-01-06T09:47:22Z" finished-at="2017-01-06T09:48:37Z">
      <class name="bahaso.testing.web.Sublesson">
        <test-method status="PASS" signature="beforeMethod()[pri:0, instance:bahaso.testing.web.Sublesson@61832929]" name="beforeMethod" is-config="true" duration-ms="22016" started-at="2017-01-06T16:47:22Z" finished-at="2017-01-06T16:47:44Z">
          <reporter-output>
          </reporter-output>
        </test-method> <!-- beforeMethod -->
        <test-method status="PASS" signature="answerRight()[pri:0, instance:bahaso.testing.web.Sublesson@61832929]" name="answerRight" duration-ms="15366" started-at="2017-01-06T16:47:44Z" finished-at="2017-01-06T16:48:00Z">
          <reporter-output>
          </reporter-output>
        </test-method> <!-- answerRight -->
        <test-method status="PASS" signature="after()[pri:0, instance:bahaso.testing.web.Sublesson@61832929]" name="after" is-config="true" duration-ms="926" started-at="2017-01-06T16:48:00Z" finished-at="2017-01-06T16:48:01Z">
          <reporter-output>
          </reporter-output>
        </test-method> <!-- after -->
        <test-method status="PASS" signature="beforeMethod()[pri:0, instance:bahaso.testing.web.Sublesson@61832929]" name="beforeMethod" is-config="true" duration-ms="20157" started-at="2017-01-06T16:48:01Z" finished-at="2017-01-06T16:48:21Z">
          <reporter-output>
          </reporter-output>
        </test-method> <!-- beforeMethod -->
        <test-method status="PASS" signature="answerWrong()[pri:0, instance:bahaso.testing.web.Sublesson@61832929]" name="answerWrong" duration-ms="15302" started-at="2017-01-06T16:48:21Z" finished-at="2017-01-06T16:48:36Z">
          <reporter-output>
          </reporter-output>
        </test-method> <!-- answerWrong -->
        <test-method status="PASS" signature="after()[pri:0, instance:bahaso.testing.web.Sublesson@61832929]" name="after" is-config="true" duration-ms="842" started-at="2017-01-06T16:48:36Z" finished-at="2017-01-06T16:48:37Z">
          <reporter-output>
          </reporter-output>
        </test-method> <!-- after -->
      </class> <!-- bahaso.testing.web.Sublesson -->
    </test> <!-- Default test -->
  </suite> <!-- Default suite -->
</testng-results>
