<?xml version="1.0" encoding="UTF-8"?>
<!-- Generated by org.testng.reporters.JUnitXMLReporter -->
<testsuite hostname="NbIzul" name="Test" tests="1" failures="1" timestamp="2 Feb 2016 10:02:07 GMT" time="7.345" errors="0">
  <testcase name="loginWithExistingEmailWithTruePassword" time="7.319" classname="mz.bahaso.testing.web.LoginTest">
    <failure type="java.lang.NoSuchMethodError" message="com.google.common.util.concurrent.MoreExecutors.directExecutor()Ljava/util/concurrent/Executor;">
      <![CDATA[java.lang.NoSuchMethodError: com.google.common.util.concurrent.MoreExecutors.directExecutor()Ljava/util/concurrent/Executor;
	at org.openqa.selenium.safari.WebSocketConnection.send(WebSocketConnection.java:139)
	at org.openqa.selenium.safari.SafariDriverCommandExecutor.execute(SafariDriverCommandExecutor.java:188)
	at org.openqa.selenium.remote.RemoteWebDriver.execute(RemoteWebDriver.java:644)
	at org.openqa.selenium.remote.RemoteWebDriver.startSession(RemoteWebDriver.java:249)
	at org.openqa.selenium.remote.RemoteWebDriver.<init>(RemoteWebDriver.java:131)
	at org.openqa.selenium.remote.RemoteWebDriver.<init>(RemoteWebDriver.java:144)
	at org.openqa.selenium.safari.SafariDriver.<init>(SafariDriver.java:62)
	at org.openqa.selenium.safari.SafariDriver.<init>(SafariDriver.java:42)
	at mz.driver.MZSafariDriver.getDriver(MZSafariDriver.java:13)
	at mz.driver.MZWebDriver.switchDriver(MZWebDriver.java:40)
	at mz.driver.MZWebDriver.getDriver(MZWebDriver.java:17)
	at mz.page.web.WebApplication.initializeDriver(WebApplication.java:27)
	at mz.page.web.WebApplication.getDriver(WebApplication.java:20)
	at mz.page.web.LandingPage.ClickButtonLogin(LandingPage.java:17)
	at mz.bahaso.testing.web.LoginTest.loginWithExistingEmailWithTruePassword(LoginTest.java:43)
... Removed 24 stack frames]]>
    </failure>
  </testcase> <!-- loginWithExistingEmailWithTruePassword -->
</testsuite> <!-- Test -->
